<?xml version="1.0" encoding="UTF-8"?>
<testsuite xmlns:xsi="http://www.w3.org/2001/XMLSchema-instance" xsi:noNamespaceSchemaLocation="https://maven.apache.org/surefire/maven-surefire-plugin/xsd/surefire-test-report-3.0.xsd" version="3.0" name="com.pgad.ServerApplicationTests" time="10.074" tests="1" errors="0" skipped="0" failures="0">
  <properties>
[...]
</properties>
  <testcase name="contextLoads" classname="com.pgad.ServerApplicationTests" time="2.271">
    <system-out><![CDATA[22:31:21.278 [main] INFO org.springframework.test.context.support.AnnotationConfigContextLoaderUtils -- Could not detect default configuration classes for test class [com.pgad.ServerApplicationTests]: ServerApplicationTests does not declare any static, non-private, non-final, nested classes annotated with @Configuration.
22:31:21.532 [main] INFO org.springframework.boot.test.context.SpringBootTestContextBootstrapper -- Found @SpringBootConfiguration com.pgad.ServerApplication for test class com.pgad.ServerApplicationTests

  .   ____          _            __ _ _
 /\\ / ___'_ __ _ _(_)_ __  __ _ \ \ \ \
( ( )\___ | '_ | '_| | '_ \/ _` | \ \ \ \
 \\/  ___)| |_)| | | | | || (_| |  ) ) ) )
  '  |____| .__|_| |_|_| |_\__, | / / / /
 =========|_|==============|___/=/_/_/_/
 :: Spring Boot ::                (v3.1.4)

2023-10-15T22:31:23.204+05:30  INFO 21036 --- [           main] com.pgad.ServerApplicationTests          : Starting ServerApplicationTests using Java 17.0.6 with PID 21036 (started by DELL in C:\Users\DELL\Documents\teststs\server)
2023-10-15T22:31:23.207+05:30  INFO 21036 --- [           main] com.pgad.ServerApplicationTests          : The following 1 profile is active: "native"
2023-10-15T22:31:25.788+05:30  INFO 21036 --- [           main] o.s.cloud.context.scope.GenericScope     : BeanFactory id=21ff9588-a197-3e6b-90a8-7446fbee7d83
2023-10-15T22:31:28.619+05:30  INFO 21036 --- [           main] com.pgad.ServerApplicationTests          : Started ServerApplicationTests in 6.622 seconds (process running for 9.221)
]]></system-out>
  </testcase>
</testsuite>